[2018-05-29 14:04:04.795] [ERROR] pomelo - [31m[D:\my_file\work\ldjflfan\game-server\node_modules\pomelo\lib\server\server.js] [39mfail to process remote message:Error: rpc connector-server-2 callback timeout 30000, remote server 0 host: 127.0.0.1, port: 8020
    at Timeout.<anonymous> (D:\my_file\work\ldjflfan\game-server\node_modules\pomelo-rpc\lib\rpc-client\mailboxes\mqtt-mailbox.js:257:16)
    at ontimeout (timers.js:471:11)
    at tryOnTimeout (timers.js:306:5)
    at Timer.listOnTimeout (timers.js:266:5)
[2018-05-29 14:15:59.916] [ERROR] pomelo - [31m[D:\my_file\work\ldjflfan\game-server\node_modules\pomelo\lib\server\server.js] [39mfail to process remote message:Error: rpc connector-server-2 callback timeout 30000, remote server 0 host: 127.0.0.1, port: 8022
    at Timeout.<anonymous> (D:\my_file\work\ldjflfan\game-server\node_modules\pomelo-rpc\lib\rpc-client\mailboxes\mqtt-mailbox.js:257:16)
    at ontimeout (timers.js:471:11)
    at tryOnTimeout (timers.js:306:5)
    at Timer.listOnTimeout (timers.js:266:5)
[2018-05-29 15:24:53.249] [ERROR] pomelo - [31m[D:\my_file\work\ldjflfan\game-server\node_modules\pomelo\lib\server\server.js] [39mfail to process remote message:Error: fail to find handler for world.worldHandler.kickOnlinePlayer
    at Service.handle (D:\my_file\work\ldjflfan\game-server\node_modules\pomelo\lib\common\service\handlerService.js:35:30)
    at handle (D:\my_file\work\ldjflfan\game-server\node_modules\pomelo\lib\server\server.js:375:25)
    at next (D:\my_file\work\ldjflfan\game-server\node_modules\pomelo\lib\common\service\filterService.js:50:7)
    at Object.fn (D:\my_file\work\ldjflfan\game-server\node_modules\pomelo\lib\filters\handler\serial.js:21:5)
    at SeqQueue._next (D:\my_file\work\ldjflfan\game-server\node_modules\seq-queue\lib\seq-queue.js:129:8)
    at D:\my_file\work\ldjflfan\game-server\node_modules\seq-queue\lib\seq-queue.js:54:9
    at _combinedTickCallback (internal/process/next_tick.js:131:7)
    at process._tickCallback (internal/process/next_tick.js:180:9)
[2018-05-30 15:52:21.342] [ERROR] pomelo - [31m[D:\my_file\work\ldjflfan\game-server\node_modules\pomelo\lib\server\server.js] [39mfail to process remote message:Error: rpc connector-server-2 callback timeout 30000, remote server 0 host: 127.0.0.1, port: 8022
    at Timeout.<anonymous> (D:\my_file\work\ldjflfan\game-server\node_modules\pomelo-rpc\lib\rpc-client\mailboxes\mqtt-mailbox.js:257:16)
    at ontimeout (timers.js:471:11)
    at tryOnTimeout (timers.js:306:5)
    at Timer.listOnTimeout (timers.js:266:5)
[2018-05-30 15:56:33.033] [ERROR] pomelo - [31m[D:\my_file\work\ldjflfan\game-server\node_modules\pomelo\lib\server\server.js] [39mfail to process remote message:Error: rpc connector-server-2 callback timeout 30000, remote server 0 host: 127.0.0.1, port: 8022
    at Timeout.<anonymous> (D:\my_file\work\ldjflfan\game-server\node_modules\pomelo-rpc\lib\rpc-client\mailboxes\mqtt-mailbox.js:257:16)
    at ontimeout (timers.js:471:11)
    at tryOnTimeout (timers.js:306:5)
    at Timer.listOnTimeout (timers.js:266:5)
[2018-05-30 15:57:40.712] [ERROR] pomelo - [31m[D:\my_file\work\ldjflfan\game-server\node_modules\pomelo\lib\server\server.js] [39mfail to process remote message:Error: rpc connector-server-2 callback timeout 30000, remote server 0 host: 127.0.0.1, port: 8022
    at Timeout.<anonymous> (D:\my_file\work\ldjflfan\game-server\node_modules\pomelo-rpc\lib\rpc-client\mailboxes\mqtt-mailbox.js:257:16)
    at ontimeout (timers.js:471:11)
    at tryOnTimeout (timers.js:306:5)
    at Timer.listOnTimeout (timers.js:266:5)
[2018-05-30 15:58:18.165] [ERROR] pomelo - [31m[D:\my_file\work\ldjflfan\game-server\node_modules\pomelo\lib\server\server.js] [39mfail to process remote message:Error: rpc connector-server-2 callback timeout 30000, remote server 1 host: 127.0.0.1, port: 8022
    at Timeout.<anonymous> (D:\my_file\work\ldjflfan\game-server\node_modules\pomelo-rpc\lib\rpc-client\mailboxes\mqtt-mailbox.js:257:16)
    at ontimeout (timers.js:471:11)
    at tryOnTimeout (timers.js:306:5)
    at Timer.listOnTimeout (timers.js:266:5)
[2018-05-30 16:02:03.476] [ERROR] pomelo - [31m[D:\my_file\work\ldjflfan\game-server\node_modules\pomelo\lib\server\server.js] [39mfail to process remote message:Error: rpc connector-server-2 callback timeout 30000, remote server 8 host: 127.0.0.1, port: 8020
    at Timeout.<anonymous> (D:\my_file\work\ldjflfan\game-server\node_modules\pomelo-rpc\lib\rpc-client\mailboxes\mqtt-mailbox.js:257:16)
    at ontimeout (timers.js:471:11)
    at tryOnTimeout (timers.js:306:5)
    at Timer.listOnTimeout (timers.js:266:5)
[2018-05-30 16:06:12.536] [ERROR] pomelo - [31m[D:\my_file\work\ldjflfan\game-server\node_modules\pomelo\lib\server\server.js] [39mfail to process remote message:Error: rpc connector-server-2 callback timeout 30000, remote server 0 host: 127.0.0.1, port: 8021
    at Timeout.<anonymous> (D:\my_file\work\ldjflfan\game-server\node_modules\pomelo-rpc\lib\rpc-client\mailboxes\mqtt-mailbox.js:257:16)
    at ontimeout (timers.js:471:11)
    at tryOnTimeout (timers.js:306:5)
    at Timer.listOnTimeout (timers.js:266:5)
