[2018-05-28 17:08:24.794] [ERROR] pomelo-rpc - [31m[mqtt-acceptor] [39mprocess rpc message error TypeError: Cannot read property 'unshuffleYard' of undefined
    at getAvailableRoom (D:\my_file\work\ldjflfan\game-server\app\services\gameUnshuffleManager.js:347:49)
    at gameUnshuffleManager.unshuffleManager.addPlayer (D:\my_file\work\ldjflfan\game-server\app\services\gameUnshuffleManager.js:41:5)
    at gameUnshuffleRemote.unshuffleRemote.add (D:\my_file\work\ldjflfan\game-server\app\servers\unshuffle\remote\gameUnshuffleRemote.js:20:31)
    at Dispatcher.pro.route (D:\my_file\work\ldjflfan\game-server\node_modules\pomelo-rpc\lib\rpc-server\dispatcher.js:52:10)
    at Acceptor.cb (D:\my_file\work\ldjflfan\game-server\node_modules\pomelo-rpc\lib\rpc-server\gateway.js:22:16)
    at processMsg (D:\my_file\work\ldjflfan\game-server\node_modules\pomelo-rpc\lib\rpc-server\acceptors\mqtt-acceptor.js:138:12)
    at Connection.<anonymous> (D:\my_file\work\ldjflfan\game-server\node_modules\pomelo-rpc\lib\rpc-server\acceptors\mqtt-acceptor.js:62:11)
    at emitOne (events.js:115:13)
    at Connection.emit (events.js:210:7)
    at Connection.emitPacket (D:\my_file\work\ldjflfan\game-server\node_modules\mqtt-connection\connection.js:14:8)
[2018-05-29 10:44:16.600] [ERROR] pomelo-rpc - [31m[mqtt-acceptor] [39mprocess rpc message error TypeError: Cannot read property 'unshuffleYard' of undefined
    at getAvailableRoom (D:\my_file\work\ldjflfan\game-server\app\services\gameUnshuffleManager.js:347:49)
    at gameUnshuffleManager.unshuffleManager.addPlayer (D:\my_file\work\ldjflfan\game-server\app\services\gameUnshuffleManager.js:41:5)
    at gameUnshuffleRemote.unshuffleRemote.add (D:\my_file\work\ldjflfan\game-server\app\servers\unshuffle\remote\gameUnshuffleRemote.js:20:31)
    at Dispatcher.pro.route (D:\my_file\work\ldjflfan\game-server\node_modules\pomelo-rpc\lib\rpc-server\dispatcher.js:52:10)
    at Acceptor.cb (D:\my_file\work\ldjflfan\game-server\node_modules\pomelo-rpc\lib\rpc-server\gateway.js:22:16)
    at processMsg (D:\my_file\work\ldjflfan\game-server\node_modules\pomelo-rpc\lib\rpc-server\acceptors\mqtt-acceptor.js:138:12)
    at Connection.<anonymous> (D:\my_file\work\ldjflfan\game-server\node_modules\pomelo-rpc\lib\rpc-server\acceptors\mqtt-acceptor.js:62:11)
    at emitOne (events.js:115:13)
    at Connection.emit (events.js:210:7)
    at Connection.emitPacket (D:\my_file\work\ldjflfan\game-server\node_modules\mqtt-connection\connection.js:14:8)
[2018-05-29 10:55:45.228] [ERROR] pomelo-rpc - [31m[mqtt-acceptor] [39mprocess rpc message error TypeError: Cannot read property 'unshuffleYard' of undefined
    at getAvailableRoom (D:\my_file\work\ldjflfan\game-server\app\services\gameUnshuffleManager.js:347:49)
    at gameUnshuffleManager.unshuffleManager.addPlayer (D:\my_file\work\ldjflfan\game-server\app\services\gameUnshuffleManager.js:41:5)
    at gameUnshuffleRemote.unshuffleRemote.add (D:\my_file\work\ldjflfan\game-server\app\servers\unshuffle\remote\gameUnshuffleRemote.js:20:31)
    at Dispatcher.pro.route (D:\my_file\work\ldjflfan\game-server\node_modules\pomelo-rpc\lib\rpc-server\dispatcher.js:52:10)
    at Acceptor.cb (D:\my_file\work\ldjflfan\game-server\node_modules\pomelo-rpc\lib\rpc-server\gateway.js:22:16)
    at processMsg (D:\my_file\work\ldjflfan\game-server\node_modules\pomelo-rpc\lib\rpc-server\acceptors\mqtt-acceptor.js:138:12)
    at Connection.<anonymous> (D:\my_file\work\ldjflfan\game-server\node_modules\pomelo-rpc\lib\rpc-server\acceptors\mqtt-acceptor.js:62:11)
    at emitOne (events.js:115:13)
    at Connection.emit (events.js:210:7)
    at Connection.emitPacket (D:\my_file\work\ldjflfan\game-server\node_modules\mqtt-connection\connection.js:14:8)
