[2018-05-28 16:20:57.647] [ERROR] pomelo - [31m[D:\my_file\work\ldjflfan\game-server\node_modules\pomelo\lib\server\server.js] [39mfail to process remote message:Error: rpc connector-server-1 callback timeout 30000, remote server 3 host: 127.0.0.1, port: 7070
    at Timeout.<anonymous> (D:\my_file\work\ldjflfan\game-server\node_modules\pomelo-rpc\lib\rpc-client\mailboxes\mqtt-mailbox.js:257:16)
    at ontimeout (timers.js:471:11)
    at tryOnTimeout (timers.js:306:5)
    at Timer.listOnTimeout (timers.js:266:5)
[2018-05-28 16:21:01.774] [ERROR] pomelo - [31m[D:\my_file\work\ldjflfan\game-server\node_modules\pomelo\lib\server\server.js] [39mfail to process remote message:Error: rpc connector-server-1 callback timeout 30000, remote server 4 host: 127.0.0.1, port: 7070
    at Timeout.<anonymous> (D:\my_file\work\ldjflfan\game-server\node_modules\pomelo-rpc\lib\rpc-client\mailboxes\mqtt-mailbox.js:257:16)
    at ontimeout (timers.js:471:11)
    at tryOnTimeout (timers.js:306:5)
    at Timer.listOnTimeout (timers.js:266:5)
[2018-05-28 16:26:15.118] [ERROR] pomelo - [31m[D:\my_file\work\ldjflfan\game-server\node_modules\pomelo\lib\server\server.js] [39mfail to process remote message:Error: fail to find handler for world.worldHandler.getPlayerInfoForScene
    at Service.handle (D:\my_file\work\ldjflfan\game-server\node_modules\pomelo\lib\common\service\handlerService.js:35:30)
    at handle (D:\my_file\work\ldjflfan\game-server\node_modules\pomelo\lib\server\server.js:375:25)
    at next (D:\my_file\work\ldjflfan\game-server\node_modules\pomelo\lib\common\service\filterService.js:50:7)
    at Object.fn (D:\my_file\work\ldjflfan\game-server\node_modules\pomelo\lib\filters\handler\serial.js:21:5)
    at SeqQueue._next (D:\my_file\work\ldjflfan\game-server\node_modules\seq-queue\lib\seq-queue.js:129:8)
    at D:\my_file\work\ldjflfan\game-server\node_modules\seq-queue\lib\seq-queue.js:54:9
    at _combinedTickCallback (internal/process/next_tick.js:131:7)
    at process._tickCallback (internal/process/next_tick.js:180:9)
[2018-05-29 13:44:22.121] [ERROR] pomelo - [31m[D:\my_file\work\ldjflfan\game-server\node_modules\pomelo\lib\server\server.js] [39mfail to forward message:TypeError: Cannot read property 'msgRemote' of undefined
    at doForward (D:\my_file\work\ldjflfan\game-server\node_modules\pomelo\lib\server\server.js:334:40)
    at dispatch (D:\my_file\work\ldjflfan\game-server\node_modules\pomelo\lib\server\server.js:103:7)
    at next (D:\my_file\work\ldjflfan\game-server\node_modules\pomelo\lib\common\service\filterService.js:50:7)
    at Service.beforeFilter (D:\my_file\work\ldjflfan\game-server\node_modules\pomelo\lib\common\service\filterService.js:65:3)
    at beforeFilter (D:\my_file\work\ldjflfan\game-server\node_modules\pomelo\lib\server\server.js:242:8)
    at Server.pro.globalHandle (D:\my_file\work\ldjflfan\game-server\node_modules\pomelo\lib\server\server.js:112:3)
    at Component.globalHandle (D:\my_file\work\ldjflfan\game-server\node_modules\pomelo\lib\components\server.js:74:14)
    at handleMessage (D:\my_file\work\ldjflfan\game-server\node_modules\pomelo\lib\components\connector.js:381:15)
    at Socket.<anonymous> (D:\my_file\work\ldjflfan\game-server\node_modules\pomelo\lib\components\connector.js:284:5)
    at emitOne (events.js:115:13)
[2018-05-29 13:46:05.625] [ERROR] pomelo - [31m[D:\my_file\work\ldjflfan\game-server\node_modules\pomelo\lib\server\server.js] [39mfail to forward message:TypeError: Cannot read property 'msgRemote' of undefined
    at doForward (D:\my_file\work\ldjflfan\game-server\node_modules\pomelo\lib\server\server.js:334:40)
    at dispatch (D:\my_file\work\ldjflfan\game-server\node_modules\pomelo\lib\server\server.js:103:7)
    at next (D:\my_file\work\ldjflfan\game-server\node_modules\pomelo\lib\common\service\filterService.js:50:7)
    at Service.beforeFilter (D:\my_file\work\ldjflfan\game-server\node_modules\pomelo\lib\common\service\filterService.js:65:3)
    at beforeFilter (D:\my_file\work\ldjflfan\game-server\node_modules\pomelo\lib\server\server.js:242:8)
    at Server.pro.globalHandle (D:\my_file\work\ldjflfan\game-server\node_modules\pomelo\lib\server\server.js:112:3)
    at Component.globalHandle (D:\my_file\work\ldjflfan\game-server\node_modules\pomelo\lib\components\server.js:74:14)
    at handleMessage (D:\my_file\work\ldjflfan\game-server\node_modules\pomelo\lib\components\connector.js:381:15)
    at Socket.<anonymous> (D:\my_file\work\ldjflfan\game-server\node_modules\pomelo\lib\components\connector.js:284:5)
    at emitOne (events.js:115:13)
[2018-05-29 13:46:12.169] [ERROR] pomelo - [31m[D:\my_file\work\ldjflfan\game-server\node_modules\pomelo\lib\server\server.js] [39mfail to forward message:TypeError: Cannot read property 'msgRemote' of undefined
    at doForward (D:\my_file\work\ldjflfan\game-server\node_modules\pomelo\lib\server\server.js:334:40)
    at dispatch (D:\my_file\work\ldjflfan\game-server\node_modules\pomelo\lib\server\server.js:103:7)
    at next (D:\my_file\work\ldjflfan\game-server\node_modules\pomelo\lib\common\service\filterService.js:50:7)
    at Service.beforeFilter (D:\my_file\work\ldjflfan\game-server\node_modules\pomelo\lib\common\service\filterService.js:65:3)
    at beforeFilter (D:\my_file\work\ldjflfan\game-server\node_modules\pomelo\lib\server\server.js:242:8)
    at Server.pro.globalHandle (D:\my_file\work\ldjflfan\game-server\node_modules\pomelo\lib\server\server.js:112:3)
    at Component.globalHandle (D:\my_file\work\ldjflfan\game-server\node_modules\pomelo\lib\components\server.js:74:14)
    at handleMessage (D:\my_file\work\ldjflfan\game-server\node_modules\pomelo\lib\components\connector.js:381:15)
    at Socket.<anonymous> (D:\my_file\work\ldjflfan\game-server\node_modules\pomelo\lib\components\connector.js:284:5)
    at emitOne (events.js:115:13)
[2018-05-29 14:09:03.367] [ERROR] pomelo - [31m[D:\my_file\work\ldjflfan\game-server\node_modules\pomelo\lib\server\server.js] [39mfail to process remote message:Error: rpc connector-server-1 callback timeout 30000, remote server 0 host: 127.0.0.1, port: 8022
    at Timeout.<anonymous> (D:\my_file\work\ldjflfan\game-server\node_modules\pomelo-rpc\lib\rpc-client\mailboxes\mqtt-mailbox.js:257:16)
    at ontimeout (timers.js:471:11)
    at tryOnTimeout (timers.js:306:5)
    at Timer.listOnTimeout (timers.js:266:5)
[2018-05-29 14:13:43.317] [ERROR] pomelo - [31m[D:\my_file\work\ldjflfan\game-server\node_modules\pomelo\lib\server\server.js] [39mfail to process remote message:Error: rpc connector-server-1 callback timeout 30000, remote server 0 host: 127.0.0.1, port: 8021
    at Timeout.<anonymous> (D:\my_file\work\ldjflfan\game-server\node_modules\pomelo-rpc\lib\rpc-client\mailboxes\mqtt-mailbox.js:257:16)
    at ontimeout (timers.js:471:11)
    at tryOnTimeout (timers.js:306:5)
    at Timer.listOnTimeout (timers.js:266:5)
[2018-05-29 14:17:35.376] [ERROR] pomelo - [31m[D:\my_file\work\ldjflfan\game-server\node_modules\pomelo\lib\server\server.js] [39mfail to process remote message:Error: rpc connector-server-1 callback timeout 30000, remote server 1 host: 127.0.0.1, port: 8020
    at Timeout.<anonymous> (D:\my_file\work\ldjflfan\game-server\node_modules\pomelo-rpc\lib\rpc-client\mailboxes\mqtt-mailbox.js:257:16)
    at ontimeout (timers.js:471:11)
    at tryOnTimeout (timers.js:306:5)
    at Timer.listOnTimeout (timers.js:266:5)
[2018-05-29 14:17:37.680] [ERROR] pomelo - [31m[D:\my_file\work\ldjflfan\game-server\node_modules\pomelo\lib\server\server.js] [39mfail to process remote message:Error: rpc connector-server-1 callback timeout 30000, remote server 2 host: 127.0.0.1, port: 8020
    at Timeout.<anonymous> (D:\my_file\work\ldjflfan\game-server\node_modules\pomelo-rpc\lib\rpc-client\mailboxes\mqtt-mailbox.js:257:16)
    at ontimeout (timers.js:471:11)
    at tryOnTimeout (timers.js:306:5)
    at Timer.listOnTimeout (timers.js:266:5)
[2018-05-29 15:28:21.145] [ERROR] pomelo - [31m[D:\my_file\work\ldjflfan\game-server\node_modules\pomelo\lib\server\server.js] [39mfail to process remote message:Error: fail to find handler for world.worldHandler.getBankruptcy
    at Service.handle (D:\my_file\work\ldjflfan\game-server\node_modules\pomelo\lib\common\service\handlerService.js:35:30)
    at handle (D:\my_file\work\ldjflfan\game-server\node_modules\pomelo\lib\server\server.js:375:25)
    at next (D:\my_file\work\ldjflfan\game-server\node_modules\pomelo\lib\common\service\filterService.js:50:7)
    at Object.fn (D:\my_file\work\ldjflfan\game-server\node_modules\pomelo\lib\filters\handler\serial.js:21:5)
    at SeqQueue._next (D:\my_file\work\ldjflfan\game-server\node_modules\seq-queue\lib\seq-queue.js:129:8)
    at D:\my_file\work\ldjflfan\game-server\node_modules\seq-queue\lib\seq-queue.js:54:9
    at _combinedTickCallback (internal/process/next_tick.js:131:7)
    at process._tickCallback (internal/process/next_tick.js:180:9)
[2018-05-29 15:30:40.481] [ERROR] pomelo - [31m[D:\my_file\work\ldjflfan\game-server\node_modules\pomelo\lib\server\server.js] [39mfail to process remote message:Error: fail to find handler for world.worldHandler.kickOnlinePlayer
    at Service.handle (D:\my_file\work\ldjflfan\game-server\node_modules\pomelo\lib\common\service\handlerService.js:35:30)
    at handle (D:\my_file\work\ldjflfan\game-server\node_modules\pomelo\lib\server\server.js:375:25)
    at next (D:\my_file\work\ldjflfan\game-server\node_modules\pomelo\lib\common\service\filterService.js:50:7)
    at Object.fn (D:\my_file\work\ldjflfan\game-server\node_modules\pomelo\lib\filters\handler\serial.js:21:5)
    at SeqQueue._next (D:\my_file\work\ldjflfan\game-server\node_modules\seq-queue\lib\seq-queue.js:129:8)
    at D:\my_file\work\ldjflfan\game-server\node_modules\seq-queue\lib\seq-queue.js:54:9
    at _combinedTickCallback (internal/process/next_tick.js:131:7)
    at process._tickCallback (internal/process/next_tick.js:180:9)
[2018-05-30 15:55:11.619] [ERROR] pomelo - [31m[D:\my_file\work\ldjflfan\game-server\node_modules\pomelo\lib\server\server.js] [39mfail to process remote message:Error: rpc connector-server-1 callback timeout 30000, remote server 0 host: 127.0.0.1, port: 8021
    at Timeout.<anonymous> (D:\my_file\work\ldjflfan\game-server\node_modules\pomelo-rpc\lib\rpc-client\mailboxes\mqtt-mailbox.js:257:16)
    at ontimeout (timers.js:471:11)
    at tryOnTimeout (timers.js:306:5)
    at Timer.listOnTimeout (timers.js:266:5)
[2018-06-02 16:10:37.553] [ERROR] pomelo - [31m[D:\my_file\work\ldjflfan\game-server\node_modules\pomelo\lib\server\server.js] [39mfail to forward message:TypeError: Cannot read property 'msgRemote' of undefined
    at doForward (D:\my_file\work\ldjflfan\game-server\node_modules\pomelo\lib\server\server.js:334:40)
    at dispatch (D:\my_file\work\ldjflfan\game-server\node_modules\pomelo\lib\server\server.js:103:7)
    at next (D:\my_file\work\ldjflfan\game-server\node_modules\pomelo\lib\common\service\filterService.js:50:7)
    at Service.beforeFilter (D:\my_file\work\ldjflfan\game-server\node_modules\pomelo\lib\common\service\filterService.js:65:3)
    at beforeFilter (D:\my_file\work\ldjflfan\game-server\node_modules\pomelo\lib\server\server.js:242:8)
    at Server.pro.globalHandle (D:\my_file\work\ldjflfan\game-server\node_modules\pomelo\lib\server\server.js:112:3)
    at Component.globalHandle (D:\my_file\work\ldjflfan\game-server\node_modules\pomelo\lib\components\server.js:74:14)
    at handleMessage (D:\my_file\work\ldjflfan\game-server\node_modules\pomelo\lib\components\connector.js:381:15)
    at Socket.<anonymous> (D:\my_file\work\ldjflfan\game-server\node_modules\pomelo\lib\components\connector.js:284:5)
    at emitOne (events.js:115:13)
